# JRE version: OpenJDK Runtime Environment Microsoft-8297089 (17.0.8.1+1) (build 17.0.8.1+1-LTS)
# Java VM: OpenJDK 64-Bit Server VM Microsoft-8297089 (17.0.8.1+1-LTS, mixed mode, sharing, tiered, compressed oops, compressed class ptrs, g1 gc, windows-amd64)
GC Precious Log:
 CPUs: 4 total, 4 available
 Memory: 4035M
 Large Page Support: Disabled
 NUMA Support: Disabled
 Compressed Oops: Enabled (32-bit)
 Heap Region Size: 1M
 Heap Min Capacity: 8M
 Heap Initial Capacity: 8M
 Heap Max Capacity: 1010M
 Pre-touch: Disabled
 Parallel Workers: 4
 Concurrent Workers: 1
 Concurrent Refinement Workers: 4
 Periodic GC: Disabled
Heap:
 garbage-first heap   total 100352K, used 73429K [0x00000000c0e00000, 0x0000000100000000)
  region size 1024K, 2 young (2048K), 2 survivors (2048K)
 Metaspace       used 9486K, committed 9664K, reserved 1114112K
  class space    used 988K, committed 1088K, reserved 1048576K
GC Heap History (20 events):
Event: 11.238 GC heap after
{Heap after GC invocations=35 (full 0):
 garbage-first heap   total 46080K, used 34204K [0x00000000c0e00000, 0x0000000100000000)
  region size 1024K, 2 young (2048K), 2 survivors (2048K)
 Metaspace       used 8482K, committed 8640K, reserved 1114112K
  class space    used 927K, committed 1024K, reserved 1048576K
}
Event: 11.458 GC heap before
{Heap before GC invocations=35 (full 0):
 garbage-first heap   total 46080K, used 36252K [0x00000000c0e00000, 0x0000000100000000)
  region size 1024K, 5 young (5120K), 2 survivors (2048K)
 Metaspace       used 8538K, committed 8704K, reserved 1114112K
  class space    used 932K, committed 1024K, reserved 1048576K
}
Event: 11.464 GC heap after
{Heap after GC invocations=36 (full 0):
 garbage-first heap   total 60416K, used 34890K [0x00000000c0e00000, 0x0000000100000000)
  region size 1024K, 1 young (1024K), 1 survivors (1024K)
 Metaspace       used 8538K, committed 8704K, reserved 1114112K
  class space    used 932K, committed 1024K, reserved 1048576K
}
Event: 12.292 GC heap before
{Heap before GC invocations=36 (full 0):
 garbage-first heap   total 60416K, used 46154K [0x00000000c0e00000, 0x0000000100000000)
  region size 1024K, 12 young (12288K), 1 survivors (1024K)
 Metaspace       used 8602K, committed 8832K, reserved 1114112K
  class space    used 934K, committed 1024K, reserved 1048576K
}
Event: 12.299 GC heap after
{Heap after GC invocations=37 (full 0):
 garbage-first heap   total 60416K, used 37881K [0x00000000c0e00000, 0x0000000100000000)
  region size 1024K, 2 young (2048K), 2 survivors (2048K)
 Metaspace       used 8602K, committed 8832K, reserved 1114112K
  class space    used 934K, committed 1024K, reserved 1048576K
}
Event: 12.689 GC heap before
{Heap before GC invocations=37 (full 0):
 garbage-first heap   total 60416K, used 48121K [0x00000000c0e00000, 0x0000000100000000)
  region size 1024K, 11 young (11264K), 2 survivors (2048K)
 Metaspace       used 9120K, committed 9280K, reserved 1114112K
  class space    used 983K, committed 1088K, reserved 1048576K
}
Event: 12.707 GC heap after
{Heap after GC invocations=38 (full 0):
 garbage-first heap   total 60416K, used 42103K [0x00000000c0e00000, 0x0000000100000000)
  region size 1024K, 2 young (2048K), 2 survivors (2048K)
 Metaspace       used 9120K, committed 9280K, reserved 1114112K
  class space    used 983K, committed 1088K, reserved 1048576K
}
Event: 12.922 GC heap before
{Heap before GC invocations=38 (full 0):
 garbage-first heap   total 60416K, used 47223K [0x00000000c0e00000, 0x0000000100000000)
  region size 1024K, 7 young (7168K), 2 survivors (2048K)
 Metaspace       used 9203K, committed 9408K, reserved 1114112K
  class space    used 985K, committed 1088K, reserved 1048576K
}
Event: 12.940 GC heap after
{Heap after GC invocations=39 (full 0):
 garbage-first heap   total 60416K, used 44635K [0x00000000c0e00000, 0x0000000100000000)
  region size 1024K, 1 young (1024K), 1 survivors (1024K)
 Metaspace       used 9203K, committed 9408K, reserved 1114112K
  class space    used 985K, committed 1088K, reserved 1048576K
}
Event: 13.045 GC heap before
{Heap before GC invocations=39 (full 0):
 garbage-first heap   total 60416K, used 47707K [0x00000000c0e00000, 0x0000000100000000)
  region size 1024K, 4 young (4096K), 1 survivors (1024K)
 Metaspace       used 9234K, committed 9408K, reserved 1114112K
  class space    used 985K, committed 1088K, reserved 1048576K
}
Event: 13.055 GC heap after
{Heap after GC invocations=40 (full 0):
 garbage-first heap   total 60416K, used 46702K [0x00000000c0e00000, 0x0000000100000000)
  region size 1024K, 1 young (1024K), 1 survivors (1024K)
 Metaspace       used 9234K, committed 9408K, reserved 1114112K
  class space    used 985K, committed 1088K, reserved 1048576K
}
Event: 13.087 GC heap before
{Heap before GC invocations=40 (full 0):
 garbage-first heap   total 60416K, used 48750K [0x00000000c0e00000, 0x0000000100000000)
  region size 1024K, 3 young (3072K), 1 survivors (1024K)
 Metaspace       used 9251K, committed 9408K, reserved 1114112K
  class space    used 985K, committed 1088K, reserved 1048576K
}
Event: 13.098 GC heap after
{Heap after GC invocations=41 (full 0):
 garbage-first heap   total 100352K, used 48346K [0x00000000c0e00000, 0x0000000100000000)
  region size 1024K, 1 young (1024K), 1 survivors (1024K)
 Metaspace       used 9251K, committed 9408K, reserved 1114112K
  class space    used 985K, committed 1088K, reserved 1048576K
}
Event: 13.319 GC heap before
{Heap before GC invocations=41 (full 0):
 garbage-first heap   total 100352K, used 64730K [0x00000000c0e00000, 0x0000000100000000)
  region size 1024K, 17 young (17408K), 1 survivors (1024K)
 Metaspace       used 9272K, committed 9472K, reserved 1114112K
  class space    used 985K, committed 1088K, reserved 1048576K
}
Event: 13.362 GC heap after
{Heap after GC invocations=42 (full 0):
 garbage-first heap   total 100352K, used 61254K [0x00000000c0e00000, 0x0000000100000000)
  region size 1024K, 3 young (3072K), 3 survivors (3072K)
 Metaspace       used 9272K, committed 9472K, reserved 1114112K
  class space    used 985K, committed 1088K, reserved 1048576K
}
Event: 13.547 GC heap before
{Heap before GC invocations=42 (full 0):
 garbage-first heap   total 100352K, used 73542K [0x00000000c0e00000, 0x0000000100000000)
  region size 1024K, 13 young (13312K), 3 survivors (3072K)
 Metaspace       used 9323K, committed 9472K, reserved 1114112K
  class space    used 985K, committed 1088K, reserved 1048576K
}
Event: 13.583 GC heap after
{Heap after GC invocations=43 (full 0):
 garbage-first heap   total 100352K, used 69120K [0x00000000c0e00000, 0x0000000100000000)
  region size 1024K, 2 young (2048K), 2 survivors (2048K)
 Metaspace       used 9323K, committed 9472K, reserved 1114112K
  class space    used 985K, committed 1088K, reserved 1048576K
}
Event: 13.948 GC heap before
{Heap before GC invocations=43 (full 0):
 garbage-first heap   total 100352K, used 76288K [0x00000000c0e00000, 0x0000000100000000)
  region size 1024K, 9 young (9216K), 2 survivors (2048K)
 Metaspace       used 9438K, committed 9600K, reserved 1114112K
  class space    used 988K, committed 1088K, reserved 1048576K
}
Event: 13.966 GC heap after
{Heap after GC invocations=44 (full 0):
 garbage-first heap   total 100352K, used 71525K [0x00000000c0e00000, 0x0000000100000000)
  region size 1024K, 2 young (2048K), 2 survivors (2048K)
 Metaspace       used 9438K, committed 9600K, reserved 1114112K
  class space    used 988K, committed 1088K, reserved 1048576K
}
Event: 14.360 GC heap before
{Heap before GC invocations=44 (full 0):
 garbage-first heap   total 100352K, used 77669K [0x00000000c0e00000, 0x0000000100000000)
  region size 1024K, 9 young (9216K), 2 survivors (2048K)
 Metaspace       used 9486K, committed 9664K, reserved 1114112K
  class space    used 988K, committed 1088K, reserved 1048576K
}

